<?xml version="1.0" encoding="UTF-8"?>
<!-- Generated by org.testng.reporters.JUnitReportReporter -->
<testsuite skipped="0" hostname="ISILBLRLT10151" name="com.webdriveruniversity.index.ContactUS" tests="2" failures="0" timestamp="5 Dec 2020 07:13:19 GMT" time="5.011" errors="0">
  <testcase name="contactUsValues" time="4.847" classname="com.webdriveruniversity.index.ContactUS"/>
  <testcase name="clickContactUS" time="0.164" classname="com.webdriveruniversity.index.ContactUS"/>
</testsuite> <!-- com.webdriveruniversity.index.ContactUS -->
