<?xml version="1.0" encoding="UTF-8"?>
<!-- Generated by org.testng.reporters.JUnitReportReporter -->
<testsuite skipped="0" hostname="ISILBLRLT10151" name="com.webdriveruniversity.index.LaunchURL" tests="2" failures="0" timestamp="19 Oct 2020 13:25:50 GMT" time="47.965" errors="0">
  <testcase name="launchURLonFirefox" time="33.685" classname="com.webdriveruniversity.index.LaunchURL"/>
  <testcase name="launchURLonChrome" time="14.280" classname="com.webdriveruniversity.index.LaunchURL"/>
</testsuite> <!-- com.webdriveruniversity.index.LaunchURL -->
