<?xml version="1.0" encoding="UTF-8"?>
<!-- Generated by org.testng.reporters.JUnitReportReporter -->
<testsuite skipped="0" hostname="ISILBLRLT10151" name="com.webdriveruniversity.index.ContactUS" tests="2" failures="0" timestamp="19 Nov 2020 16:14:19 GMT" time="3.686" errors="0">
  <testcase name="clickContactUS" time="0.176" classname="com.webdriveruniversity.index.ContactUS"/>
  <testcase name="contactUsValues" time="3.510" classname="com.webdriveruniversity.index.ContactUS"/>
</testsuite> <!-- com.webdriveruniversity.index.ContactUS -->
