<?xml version="1.0" encoding="UTF-8"?>
<!-- Generated by org.testng.reporters.JUnitReportReporter -->
<testsuite skipped="0" hostname="ISILBLRLT10151" name="com.webdriveruniversity.index.ButtonsClick" tests="2" failures="0" timestamp="19 Nov 2020 16:14:19 GMT" time="5.164" errors="0">
  <testcase name="buttonOperations" time="4.965" classname="com.webdriveruniversity.index.ButtonsClick"/>
  <testcase name="clickButton" time="0.199" classname="com.webdriveruniversity.index.ButtonsClick"/>
</testsuite> <!-- com.webdriveruniversity.index.ButtonsClick -->
