<?xml version="1.0" encoding="UTF-8"?>
<!-- Generated by org.testng.reporters.JUnitReportReporter -->
<testsuite skipped="0" hostname="ISILBLRLT10151" name="com.webdriveruniversity.index.LoginCases" tests="6" failures="0" timestamp="19 Nov 2020 16:14:19 GMT" time="4.538" errors="0">
  <testcase name="CorrectUsername" time="0.373" classname="com.webdriveruniversity.index.LoginCases"/>
  <testcase name="CorrectUsername" time="0.876" classname="com.webdriveruniversity.index.LoginCases"/>
  <testcase name="CorrectUsername" time="2.472" classname="com.webdriveruniversity.index.LoginCases"/>
  <testcase name="ClickLoginButton" time="0.184" classname="com.webdriveruniversity.index.LoginCases"/>
  <testcase name="CorrectUsername" time="0.544" classname="com.webdriveruniversity.index.LoginCases"/>
  <testcase name="switchTab" time="0.089" classname="com.webdriveruniversity.index.LoginCases"/>
</testsuite> <!-- com.webdriveruniversity.index.LoginCases -->
