<?xml version="1.0" encoding="UTF-8"?>
<!-- Generated by org.testng.reporters.JUnitReportReporter -->
<testsuite skipped="0" hostname="ISILBLRLT10151" name="com.webdriveruniversity.index.ButtonsClick" tests="2" failures="0" timestamp="28 Nov 2020 07:38:05 GMT" time="5.782" errors="0">
  <testcase name="clickButton" time="0.201" classname="com.webdriveruniversity.index.ButtonsClick"/>
  <testcase name="buttonOperations" time="5.581" classname="com.webdriveruniversity.index.ButtonsClick"/>
</testsuite> <!-- com.webdriveruniversity.index.ButtonsClick -->
