<?xml version="1.0" encoding="UTF-8"?>
<!-- Generated by org.testng.reporters.JUnitReportReporter -->
<testsuite skipped="0" hostname="ISILBLRLT10151" name="com.webdriveruniversity.index.POM" tests="3" failures="0" timestamp="5 Dec 2020 07:13:19 GMT" time="17.645" errors="0">
  <testcase name="FindOut" time="2.299" classname="com.webdriveruniversity.index.POM"/>
  <testcase name="OurProducts" time="15.174" classname="com.webdriveruniversity.index.POM"/>
  <testcase name="POMactions" time="0.172" classname="com.webdriveruniversity.index.POM"/>
</testsuite> <!-- com.webdriveruniversity.index.POM -->
