<?xml version="1.0" encoding="UTF-8"?>
<!-- Generated by org.testng.reporters.JUnitReportReporter -->
<testsuite skipped="0" hostname="ISILBLRLT10151" name="com.webdriveruniversity.index.LoginCases" tests="6" failures="0" timestamp="28 Nov 2020 07:38:05 GMT" time="5.567" errors="0">
  <testcase name="switchTab" time="0.148" classname="com.webdriveruniversity.index.LoginCases"/>
  <testcase name="CorrectUsername" time="0.964" classname="com.webdriveruniversity.index.LoginCases"/>
  <testcase name="ClickLoginButton" time="0.426" classname="com.webdriveruniversity.index.LoginCases"/>
  <testcase name="CorrectUsername" time="0.397" classname="com.webdriveruniversity.index.LoginCases"/>
  <testcase name="CorrectUsername" time="1.125" classname="com.webdriveruniversity.index.LoginCases"/>
  <testcase name="CorrectUsername" time="2.507" classname="com.webdriveruniversity.index.LoginCases"/>
</testsuite> <!-- com.webdriveruniversity.index.LoginCases -->
