<?xml version="1.0" encoding="UTF-8"?>
<!-- Generated by org.testng.reporters.JUnitReportReporter -->
<testsuite skipped="0" hostname="ISILBLRLT10151" name="com.webdriveruniversity.index.ContactUS" tests="2" failures="0" timestamp="28 Nov 2020 07:38:05 GMT" time="6.650" errors="0">
  <testcase name="contactUsValues" time="6.421" classname="com.webdriveruniversity.index.ContactUS"/>
  <testcase name="clickContactUS" time="0.229" classname="com.webdriveruniversity.index.ContactUS"/>
</testsuite> <!-- com.webdriveruniversity.index.ContactUS -->
