<?xml version="1.0" encoding="UTF-8"?>
<!-- Generated by org.testng.reporters.JUnitReportReporter -->
<testsuite skipped="0" hostname="ISILBLRLT10151" name="com.webdriveruniversity.index.LoginCases" tests="6" failures="0" timestamp="5 Dec 2020 07:13:19 GMT" time="4.520" errors="0">
  <testcase name="ClickLoginButton" time="0.227" classname="com.webdriveruniversity.index.LoginCases"/>
  <testcase name="CorrectUsername" time="0.488" classname="com.webdriveruniversity.index.LoginCases"/>
  <testcase name="switchTab" time="0.169" classname="com.webdriveruniversity.index.LoginCases"/>
  <testcase name="CorrectUsername" time="2.420" classname="com.webdriveruniversity.index.LoginCases"/>
  <testcase name="CorrectUsername" time="0.747" classname="com.webdriveruniversity.index.LoginCases"/>
  <testcase name="CorrectUsername" time="0.469" classname="com.webdriveruniversity.index.LoginCases"/>
</testsuite> <!-- com.webdriveruniversity.index.LoginCases -->
