<?xml version="1.0" encoding="UTF-8"?>
<!-- Generated by org.testng.reporters.JUnitReportReporter -->
<testsuite skipped="1" hostname="ISILBLRLT10151" name="com.webdriveruniversity.index.ToDoList" tests="4" failures="0" timestamp="5 Dec 2020 07:13:19 GMT" time="8.604" errors="0">
  <testcase name="ToDoListOperations" time="2.268" classname="com.webdriveruniversity.index.ToDoList"/>
  <testcase name="ClickToDoList" time="0.167" classname="com.webdriveruniversity.index.ToDoList"/>
  <testcase name="addToDoList" time="0.602" classname="com.webdriveruniversity.index.ToDoList"/>
  <testcase name="addToDoList" time="5.567" classname="com.webdriveruniversity.index.ToDoList">
    <skipped/>
  </testcase> <!-- addToDoList -->
</testsuite> <!-- com.webdriveruniversity.index.ToDoList -->
